{"/Users/antoinelzch/Projects/esctt/prototype/coverage-remapping/astro/src/components/Greeting.astro": {"path":"/Users/antoinelzch/Projects/esctt/prototype/coverage-remapping/astro/src/components/Greeting.astro","statementMap":{"0":{"start":{"line":6,"column":0},"end":{"line":6,"column":null}},"1":{"start":{"line":7,"column":0},"end":{"line":7,"column":null}},"2":{"start":{"line":10,"column":0},"end":{"line":10,"column":null}}},"fnMap":{},"branchMap":{"0":{"loc":{"start":{"line":7,"column":0},"end":{"line":7,"column":null}},"type":"cond-expr","locations":[{"start":{"line":7,"column":0},"end":{"line":7,"column":null}},{"start":{"line":7,"column":0},"end":{"line":7,"column":null}}],"line":7}},"s":{"0":1,"1":1,"2":1},"f":{},"b":{"0":[1,0]},"meta":{"lastBranch":1,"lastFunction":0,"lastStatement":3,"seen":{"s:6:0:6:Infinity":0,"s:7:0:7:Infinity":1,"b:7:0:7:Infinity:7:0:7:Infinity":0,"s:10:0:10:Infinity":2},"fnNames":{}}}
}
