{"/Users/antoinelzch/Projects/esctt/prototype/coverage-remapping/adonis/app/greeting.ts": {"path":"/Users/antoinelzch/Projects/esctt/prototype/coverage-remapping/adonis/app/greeting.ts","all":false,"statementMap":{"0":{"start":{"line":1,"column":0},"end":{"line":1,"column":51}},"1":{"start":{"line":2,"column":0},"end":{"line":2,"column":55}},"2":{"start":{"line":3,"column":0},"end":{"line":3,"column":1}}},"s":{"0":1,"1":2,"2":2},"branchMap":{"0":{"type":"branch","line":1,"loc":{"start":{"line":1,"column":7},"end":{"line":1,"column":16}},"locations":[{"start":{"line":1,"column":7},"end":{"line":1,"column":16}}]},"1":{"type":"branch","line":1,"loc":{"start":{"line":1,"column":7},"end":{"line":3,"column":1}},"locations":[{"start":{"line":1,"column":7},"end":{"line":3,"column":1}}]},"2":{"type":"branch","line":2,"loc":{"start":{"line":2,"column":9},"end":{"line":2,"column":55}},"locations":[{"start":{"line":2,"column":9},"end":{"line":2,"column":55}}]}},"b":{"0":[1],"1":[2],"2":[1]},"fnMap":{"0":{"name":"__name","decl":{"start":{"line":1,"column":7},"end":{"line":1,"column":16}},"loc":{"start":{"line":1,"column":7},"end":{"line":1,"column":16}},"line":1},"1":{"name":"greeting","decl":{"start":{"line":1,"column":7},"end":{"line":3,"column":1}},"loc":{"start":{"line":1,"column":7},"end":{"line":3,"column":1}},"line":1}},"f":{"0":1,"1":2}}
}
