{"/Users/antoinelzch/Projects/esctt/prototype/coverage-remapping/vue/adonis/src/Greeting.vue": {"path":"/Users/antoinelzch/Projects/esctt/prototype/coverage-remapping/vue/adonis/src/Greeting.vue","statementMap":{"0":{"start":{"line":4,"column":14},"end":{"line":4,"column":null}},"1":{"start":{"line":5,"column":17},"end":{"line":5,"column":null}},"2":{"start":{"line":5,"column":32},"end":{"line":5,"column":84}},"3":{"start":{"line":9,"column":2},"end":{"line":9,"column":23}}},"fnMap":{"0":{"name":"(anonymous_0)","decl":{"start":{"line":5,"column":17},"end":{"line":5,"column":32}},"loc":{"start":{"line":5,"column":32},"end":{"line":5,"column":84}},"line":5}},"branchMap":{"0":{"loc":{"start":{"line":5,"column":32},"end":{"line":5,"column":84}},"type":"cond-expr","locations":[{"start":{"line":5,"column":47},"end":{"line":5,"column":66}},{"start":{"line":5,"column":66},"end":{"line":5,"column":84}}],"line":5}},"s":{"0":1,"1":1,"2":1,"3":1},"f":{"0":1},"b":{"0":[1,0]},"meta":{"lastBranch":1,"lastFunction":1,"lastStatement":4,"seen":{"s:4:14:4:Infinity":0,"s:5:17:5:Infinity":1,"f:5:17:5:32":0,"s:5:32:5:84":2,"b:5:47:5:66:5:66:5:84":0,"s:9:2:9:23":3},"fnNames":{}}}
}
